<component name="libraryTable">
  <library name="junit-4.12">
    <CLASSES>
      <root url="jar://E:/SeleniumJavaResources/junit-4.12.jar!/" />
      <root url="jar://E:/SeleniumJavaResources/testng-6.8.21.jar!/" />
    </CLASSES>
    <JAVADOC />
    <SOURCES />
  </library>
</component>